<?xml version='1.0'?>
<ns2:test-suite xmlns:ns2='urn:model.allure.qatools.yandex.ru' start='1663515011383' stop='1663515051795'>
    <name>Login to dashboard and multiple operations with user</name>
    <title>Login to dashboard and multiple operations with user</title>
    <test-cases>
        <test-case start='1663515011383' status='passed' stop='1663515021837'>
            <name>should login with valid credentials</name>
            <title>should login with valid credentials</title>
            <labels>
                <label name='language' value='javascript'/>
                <label name='framework' value='wdio'/>
                <label name='thread' value='0-0'/>
            </labels>
            <parameters>
                <parameter kind='argument' name='browser' value='chrome-105.0.5195.125'/>
            </parameters>
            <steps/>
            <attachments/>
        </test-case>
        <test-case start='1663515021838' status='passed' stop='1663515031357'>
            <name>should add user</name>
            <title>should add user</title>
            <labels>
                <label name='language' value='javascript'/>
                <label name='framework' value='wdio'/>
                <label name='thread' value='0-0'/>
            </labels>
            <parameters>
                <parameter kind='argument' name='browser' value='chrome-105.0.5195.125'/>
            </parameters>
            <steps/>
            <attachments/>
        </test-case>
        <test-case start='1663515031358' status='broken' stop='1663515041580'>
            <name>should verify that user added and appear</name>
            <title>should verify that user added and appear</title>
            <labels>
                <label name='language' value='javascript'/>
                <label name='framework' value='wdio'/>
                <label name='thread' value='0-0'/>
            </labels>
            <parameters>
                <parameter kind='argument' name='browser' value='chrome-105.0.5195.125'/>
            </parameters>
            <steps/>
            <attachments>
                <attachment title='Screenshot' source='a461cf21-708e-4348-8c1c-16dc21cf6421-attachment.png' type='image/png' size='298135'/>
            </attachments>
            <failure>
                <message>Can't call addValue on element with selector "//form/div[1]/div/div[1]/div/div[2]/input" because element wasn't found</message>
                <stack-trace>Error: Can't call addValue on element with selector "//form/div[1]/div/div[1]/div/div[2]/input" because element wasn't found
                    at async AdminPage.verify (/Users/Tiger/Desktop/SFT/module-3/ht/HT_Var1/test/pageobjects/admin.page.js:81:7)
                    at async Context.&lt;anonymous> (/Users/Tiger/Desktop/SFT/module-3/ht/HT_Var1/test/specs/main.e2e.js:16:9)</stack-trace>
            </failure>
        </test-case>
        <test-case start='1663515041580' status='broken' stop='1663515051795'>
            <name>should delete user</name>
            <title>should delete user</title>
            <labels>
                <label name='language' value='javascript'/>
                <label name='framework' value='wdio'/>
                <label name='thread' value='0-0'/>
            </labels>
            <parameters>
                <parameter kind='argument' name='browser' value='chrome-105.0.5195.125'/>
            </parameters>
            <steps/>
            <attachments>
                <attachment title='Screenshot' source='471d6ecd-87b1-464a-9284-037929abae74-attachment.png' type='image/png' size='298135'/>
            </attachments>
            <failure>
                <message>Can't call click on element with selector "//div[text()="Alika"]/ancestor::div[@class="oxd-table-card"]//span" because element wasn't found</message>
                <stack-trace>Error: Can't call click on element with selector "//div[text()="Alika"]/ancestor::div[@class="oxd-table-card"]//span" because element wasn't found
                    at async AdminPage.delete (/Users/Tiger/Desktop/SFT/module-3/ht/HT_Var1/test/pageobjects/admin.page.js:101:6)
                    at async Context.&lt;anonymous> (/Users/Tiger/Desktop/SFT/module-3/ht/HT_Var1/test/specs/main.e2e.js:20:9)</stack-trace>
            </failure>
        </test-case>
    </test-cases>
</ns2:test-suite>