<?xml version='1.0'?>
<ns2:test-suite xmlns:ns2='urn:model.allure.qatools.yandex.ru' start='1663959233945' stop='1663959273945'>
    <name>Login to dashboard and multiple operations with user</name>
    <title>Login to dashboard and multiple operations with user</title>
    <test-cases>
        <test-case start='1663959233946' status='passed' stop='1663959235101'>
            <name>should open login page</name>
            <title>should open login page</title>
            <labels>
                <label name='language' value='javascript'/>
                <label name='framework' value='wdio'/>
                <label name='thread' value='0-0'/>
            </labels>
            <parameters>
                <parameter kind='argument' name='browser' value='chrome-105.0.5195.125'/>
            </parameters>
            <steps/>
            <attachments/>
        </test-case>
        <test-case start='1663959235101' status='passed' stop='1663959235107'>
            <name>verify page title</name>
            <title>verify page title</title>
            <labels>
                <label name='language' value='javascript'/>
                <label name='framework' value='wdio'/>
                <label name='thread' value='0-0'/>
            </labels>
            <parameters>
                <parameter kind='argument' name='browser' value='chrome-105.0.5195.125'/>
            </parameters>
            <steps/>
            <attachments/>
        </test-case>
        <test-case start='1663959235108' status='passed' stop='1663959238261'>
            <name>verify forgot password link and login with valid credentials</name>
            <title>verify forgot password link and login with valid credentials</title>
            <labels>
                <label name='language' value='javascript'/>
                <label name='framework' value='wdio'/>
                <label name='thread' value='0-0'/>
            </labels>
            <parameters>
                <parameter kind='argument' name='browser' value='chrome-105.0.5195.125'/>
            </parameters>
            <steps/>
            <attachments/>
        </test-case>
        <test-case start='1663959238262' status='broken' stop='1663959248930'>
            <name>should navigate to user page</name>
            <title>should navigate to user page</title>
            <labels>
                <label name='language' value='javascript'/>
                <label name='framework' value='wdio'/>
                <label name='thread' value='0-0'/>
            </labels>
            <parameters>
                <parameter kind='argument' name='browser' value='chrome-105.0.5195.125'/>
            </parameters>
            <steps/>
            <attachments/>
            <failure>
                <message>element ("//ul[@class="oxd-dropdown-menu"]//li") still not displayed after 10000ms</message>
                <stack-trace>Error: element ("//ul[@class="oxd-dropdown-menu"]//li") still not displayed after 10000ms
                    at async ElementUtil.doClick (/Users/Tiger/Desktop/sft/module-3/ht/HT_Var1/test/util/elementUtil.js:4:8)
                    at async AdminPage.navigateToUserSection (/Users/Tiger/Desktop/sft/module-3/ht/HT_Var1/test/pageobjects/admin.page.js:21:9)
                    at async Context.&lt;anonymous> (/Users/Tiger/Desktop/sft/module-3/ht/HT_Var1/test/specs/main.e2e.js:31:8)</stack-trace>
            </failure>
        </test-case>
        <test-case start='1663959248930' status='passed' stop='1663959249465'>
            <name>should select user role and status</name>
            <title>should select user role and status</title>
            <labels>
                <label name='language' value='javascript'/>
                <label name='framework' value='wdio'/>
                <label name='thread' value='0-0'/>
            </labels>
            <parameters>
                <parameter kind='argument' name='browser' value='chrome-105.0.5195.125'/>
            </parameters>
            <steps/>
            <attachments/>
        </test-case>
        <test-case start='1663959249465' status='passed' stop='1663959251685'>
            <name>should select employee and add user name</name>
            <title>should select employee and add user name</title>
            <labels>
                <label name='language' value='javascript'/>
                <label name='framework' value='wdio'/>
                <label name='thread' value='0-0'/>
            </labels>
            <parameters>
                <parameter kind='argument' name='browser' value='chrome-105.0.5195.125'/>
            </parameters>
            <steps/>
            <attachments/>
        </test-case>
        <test-case start='1663959251685' status='passed' stop='1663959251840'>
            <name>should add password and save new user</name>
            <title>should add password and save new user</title>
            <labels>
                <label name='language' value='javascript'/>
                <label name='framework' value='wdio'/>
                <label name='thread' value='0-0'/>
            </labels>
            <parameters>
                <parameter kind='argument' name='browser' value='chrome-105.0.5195.125'/>
            </parameters>
            <steps/>
            <attachments/>
        </test-case>
        <test-case start='1663959251840' status='broken' stop='1663959263919'>
            <name>should save and search a new user</name>
            <title>should save and search a new user</title>
            <labels>
                <label name='language' value='javascript'/>
                <label name='framework' value='wdio'/>
                <label name='thread' value='0-0'/>
            </labels>
            <parameters>
                <parameter kind='argument' name='browser' value='chrome-105.0.5195.125'/>
            </parameters>
            <steps/>
            <attachments/>
            <failure>
                <message>element ("//form/div[1]/div/div[1]/div/div[2]/input") still not displayed after 10000ms</message>
                <stack-trace>Error: element ("//form/div[1]/div/div[1]/div/div[2]/input") still not displayed after 10000ms
                    at async ElementUtil.doClick (/Users/Tiger/Desktop/sft/module-3/ht/HT_Var1/test/util/elementUtil.js:4:8)
                    at async SearchPage.selectSearch (/Users/Tiger/Desktop/sft/module-3/ht/HT_Var1/test/pageobjects/search.page.js:21:9)
                    at async Context.&lt;anonymous> (/Users/Tiger/Desktop/sft/module-3/ht/HT_Var1/test/specs/main.e2e.js:66:9)</stack-trace>
            </failure>
        </test-case>
        <test-case start='1663959263920' status='broken' stop='1663959273944'>
            <name>should delete user</name>
            <title>should delete user</title>
            <labels>
                <label name='language' value='javascript'/>
                <label name='framework' value='wdio'/>
                <label name='thread' value='0-0'/>
            </labels>
            <parameters>
                <parameter kind='argument' name='browser' value='chrome-105.0.5195.125'/>
            </parameters>
            <steps/>
            <attachments/>
            <failure>
                <message>element ("//div[text()="Oleksandr.Kryvchenko"]/ancestor::div[@class="oxd-table-card"]//span") still not displayed after 10000ms</message>
                <stack-trace>Error: element ("//div[text()="Oleksandr.Kryvchenko"]/ancestor::div[@class="oxd-table-card"]//span") still not displayed after 10000ms
                    at async ElementUtil.doClick (/Users/Tiger/Desktop/sft/module-3/ht/HT_Var1/test/util/elementUtil.js:4:8)
                    at async Context.&lt;anonymous> (/Users/Tiger/Desktop/sft/module-3/ht/HT_Var1/test/specs/main.e2e.js:75:10)</stack-trace>
            </failure>
        </test-case>
    </test-cases>
</ns2:test-suite>