<?xml version='1.0'?>
<ns2:test-suite xmlns:ns2='urn:model.allure.qatools.yandex.ru' start='1663838896463' stop='1663838927992'>
    <name>Login to dashboard and multiple operations with user</name>
    <title>Login to dashboard and multiple operations with user</title>
    <test-cases>
        <test-case start='1663838896463' status='passed' stop='1663838898058'>
            <name>should open login page</name>
            <title>should open login page</title>
            <labels>
                <label name='language' value='javascript'/>
                <label name='framework' value='wdio'/>
                <label name='thread' value='0-0'/>
            </labels>
            <parameters>
                <parameter kind='argument' name='browser' value='chrome-105.0.5195.125'/>
            </parameters>
            <steps/>
            <attachments/>
        </test-case>
        <test-case start='1663838898058' status='passed' stop='1663838898063'>
            <name>verify page title</name>
            <title>verify page title</title>
            <labels>
                <label name='language' value='javascript'/>
                <label name='framework' value='wdio'/>
                <label name='thread' value='0-0'/>
            </labels>
            <parameters>
                <parameter kind='argument' name='browser' value='chrome-105.0.5195.125'/>
            </parameters>
            <steps/>
            <attachments/>
        </test-case>
        <test-case start='1663838898064' status='passed' stop='1663838901042'>
            <name>verify forgot password link and login with valid credentials</name>
            <title>verify forgot password link and login with valid credentials</title>
            <labels>
                <label name='language' value='javascript'/>
                <label name='framework' value='wdio'/>
                <label name='thread' value='0-0'/>
            </labels>
            <parameters>
                <parameter kind='argument' name='browser' value='chrome-105.0.5195.125'/>
            </parameters>
            <steps/>
            <attachments/>
        </test-case>
        <test-case start='1663838901042' status='passed' stop='1663838902588'>
            <name>should navigate to user page</name>
            <title>should navigate to user page</title>
            <labels>
                <label name='language' value='javascript'/>
                <label name='framework' value='wdio'/>
                <label name='thread' value='0-0'/>
            </labels>
            <parameters>
                <parameter kind='argument' name='browser' value='chrome-105.0.5195.125'/>
            </parameters>
            <steps/>
            <attachments/>
        </test-case>
        <test-case start='1663838902588' status='passed' stop='1663838903150'>
            <name>should select user role and status</name>
            <title>should select user role and status</title>
            <labels>
                <label name='language' value='javascript'/>
                <label name='framework' value='wdio'/>
                <label name='thread' value='0-0'/>
            </labels>
            <parameters>
                <parameter kind='argument' name='browser' value='chrome-105.0.5195.125'/>
            </parameters>
            <steps/>
            <attachments/>
        </test-case>
        <test-case start='1663838903150' status='passed' stop='1663838905392'>
            <name>should select employee and add user name</name>
            <title>should select employee and add user name</title>
            <labels>
                <label name='language' value='javascript'/>
                <label name='framework' value='wdio'/>
                <label name='thread' value='0-0'/>
            </labels>
            <parameters>
                <parameter kind='argument' name='browser' value='chrome-105.0.5195.125'/>
            </parameters>
            <steps/>
            <attachments/>
        </test-case>
        <test-case start='1663838905393' status='passed' stop='1663838905540'>
            <name>should add password and save new user</name>
            <title>should add password and save new user</title>
            <labels>
                <label name='language' value='javascript'/>
                <label name='framework' value='wdio'/>
                <label name='thread' value='0-0'/>
            </labels>
            <parameters>
                <parameter kind='argument' name='browser' value='chrome-105.0.5195.125'/>
            </parameters>
            <steps/>
            <attachments/>
        </test-case>
        <test-case start='1663838905540' status='broken' stop='1663838917793'>
            <name>should save and search a new user</name>
            <title>should save and search a new user</title>
            <labels>
                <label name='language' value='javascript'/>
                <label name='framework' value='wdio'/>
                <label name='thread' value='0-0'/>
            </labels>
            <parameters>
                <parameter kind='argument' name='browser' value='chrome-105.0.5195.125'/>
            </parameters>
            <steps/>
            <attachments>
                <attachment title='Screenshot' source='3228d8a4-9b18-4f8f-b708-8e231ad7a735-attachment.png' type='image/png' size='299631'/>
            </attachments>
            <failure>
                <message>element ("//form/div[1]/div/div[1]/div/div[2]/input") still not displayed after 10000ms</message>
                <stack-trace>Error: element ("//form/div[1]/div/div[1]/div/div[2]/input") still not displayed after 10000ms
                    at async ElementUtil.doClick (/Users/Tiger/Desktop/SFT/module-3/ht/HT_Var1/test/util/elementUtil.js:4:8)
                    at async SearchPage.selectSearch (/Users/Tiger/Desktop/SFT/module-3/ht/HT_Var1/test/pageobjects/search.page.js:21:9)
                    at async Context.&lt;anonymous> (/Users/Tiger/Desktop/SFT/module-3/ht/HT_Var1/test/specs/main.e2e.js:66:9)</stack-trace>
            </failure>
        </test-case>
        <test-case start='1663838917793' status='broken' stop='1663838927991'>
            <name>should delete user</name>
            <title>should delete user</title>
            <labels>
                <label name='language' value='javascript'/>
                <label name='framework' value='wdio'/>
                <label name='thread' value='0-0'/>
            </labels>
            <parameters>
                <parameter kind='argument' name='browser' value='chrome-105.0.5195.125'/>
            </parameters>
            <steps/>
            <attachments>
                <attachment title='Screenshot' source='acf3d6c3-0b96-4e05-8f69-49b421d48061-attachment.png' type='image/png' size='299631'/>
            </attachments>
            <failure>
                <message>element ("//div[text()="Costa26"]/ancestor::div[@class="oxd-table-card"]//span") still not displayed after 10000ms</message>
                <stack-trace>Error: element ("//div[text()="Costa26"]/ancestor::div[@class="oxd-table-card"]//span") still not displayed after 10000ms
                    at async ElementUtil.doClick (/Users/Tiger/Desktop/SFT/module-3/ht/HT_Var1/test/util/elementUtil.js:4:8)
                    at async Context.&lt;anonymous> (/Users/Tiger/Desktop/SFT/module-3/ht/HT_Var1/test/specs/main.e2e.js:74:10)</stack-trace>
            </failure>
        </test-case>
    </test-cases>
</ns2:test-suite>