<?xml version='1.0'?>
<ns2:test-suite xmlns:ns2='urn:model.allure.qatools.yandex.ru' start='1663742721828' stop='1663742723232'>
    <name>Login to dashboard and multiple operations with user</name>
    <title>Login to dashboard and multiple operations with user</title>
    <test-cases>
        <test-case start='1663742721828' status='passed' stop='1663742723072'>
            <name>should login with valid credentials</name>
            <title>should login with valid credentials</title>
            <labels>
                <label name='language' value='javascript'/>
                <label name='framework' value='wdio'/>
                <label name='thread' value='0-0'/>
            </labels>
            <parameters>
                <parameter kind='argument' name='browser' value='chrome-105.0.5195.125'/>
            </parameters>
            <steps/>
            <attachments/>
        </test-case>
        <test-case start='1663742723083' status='failed' stop='1663742723232'>
            <name>verify forgot password link</name>
            <title>verify forgot password link</title>
            <labels>
                <label name='language' value='javascript'/>
                <label name='framework' value='wdio'/>
                <label name='thread' value='0-0'/>
            </labels>
            <parameters>
                <parameter kind='argument' name='browser' value='chrome-105.0.5195.125'/>
            </parameters>
            <steps/>
            <attachments>
                <attachment title='Screenshot' source='71513ee8-b114-4097-9061-5713e23e9195-attachment.png' type='image/png' size='15419'/>
            </attachments>
            <failure>
                <message>forgot password link is not present: expected true to equal Promise{…}      
                      actual expected
                      
                      truePromise [Promise] {}
                      </message>
                <stack-trace>AssertionError: forgot password link is not present: expected true to equal Promise{…}
                    at Context.&lt;anonymous> (/Users/Tiger/Desktop/SFT/module-3/ht/HT_Var1/test/specs/main.e2e.js:23:21)</stack-trace>
            </failure>
        </test-case>
    </test-cases>
</ns2:test-suite>