<?xml version='1.0'?>
<ns2:test-suite xmlns:ns2='urn:model.allure.qatools.yandex.ru' start='1663686415030' stop='1663686443879'>
    <name>Login to dashboard and multiple operations with user</name>
    <title>Login to dashboard and multiple operations with user</title>
    <test-cases>
        <test-case start='1663686415030' status='passed' stop='1663686418911'>
            <name>should login with valid credentials</name>
            <title>should login with valid credentials</title>
            <labels>
                <label name='language' value='javascript'/>
                <label name='framework' value='wdio'/>
                <label name='thread' value='0-0'/>
                <label name='language' value='javascript'/>
                <label name='framework' value='wdio'/>
                <label name='thread' value='0-0'/>
            </labels>
            <parameters>
                <parameter kind='argument' name='browser' value='chrome-105.0.5195.125'/>
                <parameter kind='argument' name='browser' value='chrome-105.0.5195.125'/>
            </parameters>
            <steps/>
            <attachments/>
        </test-case>
        <test-case start='1663686418911' status='broken' stop='1663686423460'>
            <name>should add user</name>
            <title>should add user</title>
            <labels>
                <label name='language' value='javascript'/>
                <label name='framework' value='wdio'/>
                <label name='thread' value='0-0'/>
            </labels>
            <parameters>
                <parameter kind='argument' name='browser' value='chrome-105.0.5195.125'/>
            </parameters>
            <steps/>
            <attachments>
                <attachment title='Screenshot' source='5d70f360-3a0f-4044-9b1d-dc6f3c315b9a-attachment.png' type='image/png' size='304009'/>
            </attachments>
            <failure>
                <message>addPassword is not defined</message>
                <stack-trace>ReferenceError: addPassword is not defined
                    at Context.&lt;anonymous> (/Users/Tiger/Desktop/SFT/module-3/ht/HT_Var1/test/specs/main.e2e.js:33:26)
                    at processTicksAndRejections (node:internal/process/task_queues:96:5)</stack-trace>
            </failure>
        </test-case>
        <test-case start='1663686423461' status='broken' stop='1663686433678'>
            <name>should verify that user added and appear</name>
            <title>should verify that user added and appear</title>
            <labels>
                <label name='language' value='javascript'/>
                <label name='framework' value='wdio'/>
                <label name='thread' value='0-0'/>
            </labels>
            <parameters>
                <parameter kind='argument' name='browser' value='chrome-105.0.5195.125'/>
            </parameters>
            <steps/>
            <attachments>
                <attachment title='Screenshot' source='ad9b0f01-fa89-4a6f-8fd2-48ec0b01f9e9-attachment.png' type='image/png' size='292599'/>
            </attachments>
            <failure>
                <message>Can't call addValue on element with selector "//form/div[1]/div/div[1]/div/div[2]/input" because element wasn't found</message>
                <stack-trace>Error: Can't call addValue on element with selector "//form/div[1]/div/div[1]/div/div[2]/input" because element wasn't found
                    at async Context.&lt;anonymous> (/Users/Tiger/Desktop/SFT/module-3/ht/HT_Var1/test/specs/main.e2e.js:42:9)</stack-trace>
            </failure>
        </test-case>
        <test-case start='1663686433678' status='broken' stop='1663686443879'>
            <name>should delete user</name>
            <title>should delete user</title>
            <labels>
                <label name='language' value='javascript'/>
                <label name='framework' value='wdio'/>
                <label name='thread' value='0-0'/>
            </labels>
            <parameters>
                <parameter kind='argument' name='browser' value='chrome-105.0.5195.125'/>
            </parameters>
            <steps/>
            <attachments>
                <attachment title='Screenshot' source='ea804f3c-1ebc-4a1f-9574-ae7c6439500a-attachment.png' type='image/png' size='292599'/>
            </attachments>
            <failure>
                <message>Can't call click on element with selector "//div[text()="Oleksandr.Kryo"]/ancestor::div[@class="oxd-table-card"]//span" because element wasn't found</message>
                <stack-trace>Error: Can't call click on element with selector "//div[text()="Oleksandr.Kryo"]/ancestor::div[@class="oxd-table-card"]//span" because element wasn't found
                    at async Context.&lt;anonymous> (/Users/Tiger/Desktop/SFT/module-3/ht/HT_Var1/test/specs/main.e2e.js:49:9)</stack-trace>
            </failure>
        </test-case>
    </test-cases>
</ns2:test-suite>