<?xml version='1.0'?>
<ns2:test-suite xmlns:ns2='urn:model.allure.qatools.yandex.ru' start='1663795406752' stop='1663795422569'>
    <name>Login to dashboard and multiple operations with user</name>
    <title>Login to dashboard and multiple operations with user</title>
    <test-cases>
        <test-case start='1663795406752' status='passed' stop='1663795408372'>
            <name>should open login page</name>
            <title>should open login page</title>
            <labels>
                <label name='language' value='javascript'/>
                <label name='framework' value='wdio'/>
                <label name='thread' value='0-0'/>
            </labels>
            <parameters>
                <parameter kind='argument' name='browser' value='chrome-105.0.5195.125'/>
            </parameters>
            <steps/>
            <attachments/>
        </test-case>
        <test-case start='1663795408372' status='passed' stop='1663795408376'>
            <name>verify page title</name>
            <title>verify page title</title>
            <labels>
                <label name='language' value='javascript'/>
                <label name='framework' value='wdio'/>
                <label name='thread' value='0-0'/>
            </labels>
            <parameters>
                <parameter kind='argument' name='browser' value='chrome-105.0.5195.125'/>
            </parameters>
            <steps/>
            <attachments/>
        </test-case>
        <test-case start='1663795408377' status='passed' stop='1663795409065'>
            <name>verify forgot password link and login with valid credentials</name>
            <title>verify forgot password link and login with valid credentials</title>
            <labels>
                <label name='language' value='javascript'/>
                <label name='framework' value='wdio'/>
                <label name='thread' value='0-0'/>
            </labels>
            <parameters>
                <parameter kind='argument' name='browser' value='chrome-105.0.5195.125'/>
            </parameters>
            <steps/>
            <attachments/>
        </test-case>
        <test-case start='1663795409065' status='passed' stop='1663795412803'>
            <name>should navigate to user page</name>
            <title>should navigate to user page</title>
            <labels>
                <label name='language' value='javascript'/>
                <label name='framework' value='wdio'/>
                <label name='thread' value='0-0'/>
            </labels>
            <parameters>
                <parameter kind='argument' name='browser' value='chrome-105.0.5195.125'/>
            </parameters>
            <steps/>
            <attachments/>
        </test-case>
        <test-case start='1663795412803' status='failed' stop='1663795413593'>
            <name>should select user role and status</name>
            <title>should select user role and status</title>
            <labels>
                <label name='language' value='javascript'/>
                <label name='framework' value='wdio'/>
                <label name='thread' value='0-0'/>
            </labels>
            <parameters>
                <parameter kind='argument' name='browser' value='chrome-105.0.5195.125'/>
            </parameters>
            <steps/>
            <attachments>
                <attachment title='Screenshot' source='52b58a87-1cee-4b35-a2e5-b86fff2b018f-attachment.png' type='image/png' size='287316'/>
            </attachments>
            <failure>
                <message>status is not selected      
                      actual expected
                      
                      'DisabledInactif'
                      </message>
                <stack-trace>AssertionError [ERR_ASSERTION]: status is not selected
                    at Context.&lt;anonymous> (/Users/Tiger/Desktop/SFT/module-3/ht/HT_Var1/test/specs/main.e2e.js:45:16)
                    at processTicksAndRejections (node:internal/process/task_queues:96:5)</stack-trace>
            </failure>
        </test-case>
        <test-case start='1663795413593' status='passed' stop='1663795415847'>
            <name>should select employee and add user name</name>
            <title>should select employee and add user name</title>
            <labels>
                <label name='language' value='javascript'/>
                <label name='framework' value='wdio'/>
                <label name='thread' value='0-0'/>
            </labels>
            <parameters>
                <parameter kind='argument' name='browser' value='chrome-105.0.5195.125'/>
            </parameters>
            <steps/>
            <attachments/>
        </test-case>
        <test-case start='1663795415847' status='passed' stop='1663795415969'>
            <name>should add and repeat password, save new user</name>
            <title>should add and repeat password, save new user</title>
            <labels>
                <label name='language' value='javascript'/>
                <label name='framework' value='wdio'/>
                <label name='thread' value='0-0'/>
            </labels>
            <parameters>
                <parameter kind='argument' name='browser' value='chrome-105.0.5195.125'/>
            </parameters>
            <steps/>
            <attachments/>
        </test-case>
        <test-case start='1663795415970' status='passed' stop='1663795422391'>
            <name>should save and search a new user</name>
            <title>should save and search a new user</title>
            <labels>
                <label name='language' value='javascript'/>
                <label name='framework' value='wdio'/>
                <label name='thread' value='0-0'/>
            </labels>
            <parameters>
                <parameter kind='argument' name='browser' value='chrome-105.0.5195.125'/>
            </parameters>
            <steps/>
            <attachments/>
        </test-case>
        <test-case start='1663795422391' status='broken' stop='1663795422569'>
            <name>count number of icons</name>
            <title>count number of icons</title>
            <labels>
                <label name='language' value='javascript'/>
                <label name='framework' value='wdio'/>
                <label name='thread' value='0-0'/>
            </labels>
            <parameters>
                <parameter kind='argument' name='browser' value='chrome-105.0.5195.125'/>
            </parameters>
            <steps/>
            <attachments>
                <attachment title='Screenshot' source='13f9fb20-2118-4ba1-b3ba-c08268953a51-attachment.png' type='image/png' size='265603'/>
            </attachments>
            <failure>
                <message>allSocialIcons.toBeElementsArrayOfSize is not a function</message>
                <stack-trace>TypeError: allSocialIcons.toBeElementsArrayOfSize is not a function
                    at Context.&lt;anonymous> (/Users/Tiger/Desktop/SFT/module-3/ht/HT_Var1/test/specs/main.e2e.js:74:30)
                    at processTicksAndRejections (node:internal/process/task_queues:96:5)</stack-trace>
            </failure>
        </test-case>
    </test-cases>
</ns2:test-suite>