<?xml version='1.0'?>
<ns2:test-suite xmlns:ns2='urn:model.allure.qatools.yandex.ru' start='1663795239014' stop='1663795260745'>
    <name>Login to dashboard and multiple operations with user</name>
    <title>Login to dashboard and multiple operations with user</title>
    <test-cases>
        <test-case start='1663795239014' status='passed' stop='1663795240529'>
            <name>should open login page</name>
            <title>should open login page</title>
            <labels>
                <label name='language' value='javascript'/>
                <label name='framework' value='wdio'/>
                <label name='thread' value='0-0'/>
            </labels>
            <parameters>
                <parameter kind='argument' name='browser' value='chrome-105.0.5195.125'/>
            </parameters>
            <steps/>
            <attachments/>
        </test-case>
        <test-case start='1663795240529' status='passed' stop='1663795240534'>
            <name>verify page title</name>
            <title>verify page title</title>
            <labels>
                <label name='language' value='javascript'/>
                <label name='framework' value='wdio'/>
                <label name='thread' value='0-0'/>
            </labels>
            <parameters>
                <parameter kind='argument' name='browser' value='chrome-105.0.5195.125'/>
            </parameters>
            <steps/>
            <attachments/>
        </test-case>
        <test-case start='1663795240534' status='passed' stop='1663795241210'>
            <name>verify forgot password link and login with valid credentials</name>
            <title>verify forgot password link and login with valid credentials</title>
            <labels>
                <label name='language' value='javascript'/>
                <label name='framework' value='wdio'/>
                <label name='thread' value='0-0'/>
            </labels>
            <parameters>
                <parameter kind='argument' name='browser' value='chrome-105.0.5195.125'/>
            </parameters>
            <steps/>
            <attachments/>
        </test-case>
        <test-case start='1663795241211' status='passed' stop='1663795245301'>
            <name>should navigate to user page</name>
            <title>should navigate to user page</title>
            <labels>
                <label name='language' value='javascript'/>
                <label name='framework' value='wdio'/>
                <label name='thread' value='0-0'/>
            </labels>
            <parameters>
                <parameter kind='argument' name='browser' value='chrome-105.0.5195.125'/>
            </parameters>
            <steps/>
            <attachments/>
        </test-case>
        <test-case start='1663795245301' status='failed' stop='1663795245945'>
            <name>should select user role and status</name>
            <title>should select user role and status</title>
            <labels>
                <label name='language' value='javascript'/>
                <label name='framework' value='wdio'/>
                <label name='thread' value='0-0'/>
            </labels>
            <parameters>
                <parameter kind='argument' name='browser' value='chrome-105.0.5195.125'/>
            </parameters>
            <steps/>
            <attachments>
                <attachment title='Screenshot' source='f850453c-9dad-47cc-a369-cf7e5540b9ec-attachment.png' type='image/png' size='302276'/>
            </attachments>
            <failure>
                <message>status is not selected      
                      actual expected
                      
                      'DisabledInactif'
                      </message>
                <stack-trace>AssertionError [ERR_ASSERTION]: status is not selected
                    at Context.&lt;anonymous> (/Users/Tiger/Desktop/SFT/module-3/ht/HT_Var1/test/specs/main.e2e.js:45:16)
                    at processTicksAndRejections (node:internal/process/task_queues:96:5)</stack-trace>
            </failure>
        </test-case>
        <test-case start='1663795245945' status='passed' stop='1663795248171'>
            <name>should select employee and add user name</name>
            <title>should select employee and add user name</title>
            <labels>
                <label name='language' value='javascript'/>
                <label name='framework' value='wdio'/>
                <label name='thread' value='0-0'/>
            </labels>
            <parameters>
                <parameter kind='argument' name='browser' value='chrome-105.0.5195.125'/>
            </parameters>
            <steps/>
            <attachments/>
        </test-case>
        <test-case start='1663795248171' status='passed' stop='1663795248293'>
            <name>should add and repeat password, save new user</name>
            <title>should add and repeat password, save new user</title>
            <labels>
                <label name='language' value='javascript'/>
                <label name='framework' value='wdio'/>
                <label name='thread' value='0-0'/>
            </labels>
            <parameters>
                <parameter kind='argument' name='browser' value='chrome-105.0.5195.125'/>
            </parameters>
            <steps/>
            <attachments/>
        </test-case>
        <test-case start='1663795248293' status='broken' stop='1663795260578'>
            <name>should save and search a new user</name>
            <title>should save and search a new user</title>
            <labels>
                <label name='language' value='javascript'/>
                <label name='framework' value='wdio'/>
                <label name='thread' value='0-0'/>
            </labels>
            <parameters>
                <parameter kind='argument' name='browser' value='chrome-105.0.5195.125'/>
            </parameters>
            <steps/>
            <attachments>
                <attachment title='Screenshot' source='8e159326-d48a-42d9-841e-8fbad569a0d2-attachment.png' type='image/png' size='313178'/>
            </attachments>
            <failure>
                <message>element ("//form/div[1]/div/div[1]/div/div[2]/input") still not displayed after 10000ms</message>
                <stack-trace>Error: element ("//form/div[1]/div/div[1]/div/div[2]/input") still not displayed after 10000ms
                    at async ElementUtil.doClick (/Users/Tiger/Desktop/SFT/module-3/ht/HT_Var1/test/util/elementUtil.js:4:8)
                    at async SearchPage.selectSearch (/Users/Tiger/Desktop/SFT/module-3/ht/HT_Var1/test/pageobjects/search.page.js:14:17)
                    at async Context.&lt;anonymous> (/Users/Tiger/Desktop/SFT/module-3/ht/HT_Var1/test/specs/main.e2e.js:63:9)</stack-trace>
            </failure>
        </test-case>
        <test-case start='1663795260578' status='broken' stop='1663795260745'>
            <name>count number of icons</name>
            <title>count number of icons</title>
            <labels>
                <label name='language' value='javascript'/>
                <label name='framework' value='wdio'/>
                <label name='thread' value='0-0'/>
            </labels>
            <parameters>
                <parameter kind='argument' name='browser' value='chrome-105.0.5195.125'/>
            </parameters>
            <steps/>
            <attachments>
                <attachment title='Screenshot' source='290c093e-ee39-4116-aaea-3dfdf3d4e4a0-attachment.png' type='image/png' size='313178'/>
            </attachments>
            <failure>
                <message>Invalid Chai property: toBeElementsArrayOfSize</message>
                <stack-trace>Error: Invalid Chai property: toBeElementsArrayOfSize
                    at Object.proxyGetter [as get] (/Users/Tiger/Desktop/SFT/module-3/ht/HT_Var1/node_modules/chai/lib/chai/utils/proxify.js:78:17)
                    at Context.&lt;anonymous> (/Users/Tiger/Desktop/SFT/module-3/ht/HT_Var1/test/specs/main.e2e.js:74:37)
                    at processTicksAndRejections (node:internal/process/task_queues:96:5)</stack-trace>
            </failure>
        </test-case>
    </test-cases>
</ns2:test-suite>