<?xml version='1.0'?>
<ns2:test-suite xmlns:ns2='urn:model.allure.qatools.yandex.ru' start='1663516843233' stop='1663516857887'>
    <name>Login to dashboard and multiple operations with user</name>
    <title>Login to dashboard and multiple operations with user</title>
    <test-cases>
        <test-case start='1663516843233' status='broken' stop='1663516857886'>
            <name>should login with valid credentials</name>
            <title>should login with valid credentials</title>
            <labels>
                <label name='language' value='javascript'/>
                <label name='framework' value='wdio'/>
                <label name='thread' value='0-0'/>
            </labels>
            <parameters>
                <parameter kind='argument' name='browser' value='chrome-105.0.5195.125'/>
            </parameters>
            <steps/>
            <attachments>
                <attachment title='Screenshot' source='121f176f-91f4-4ca6-b75a-7de0058f5a2b-attachment.png' type='image/png' size='266854'/>
            </attachments>
            <failure>
                <message>element ("#oxd-toaster_1") still not displayed after 10000ms</message>
                <stack-trace>Error: element ("#oxd-toaster_1") still not displayed after 10000ms
                    at async LoginPage.login (/Users/Tiger/Desktop/SFT/module-3/ht/HT_Var1/test/pageobjects/login.page.js:20:27)
                    at async Context.&lt;anonymous> (/Users/Tiger/Desktop/SFT/module-3/ht/HT_Var1/test/specs/main.e2e.js:8:9)</stack-trace>
            </failure>
        </test-case>
        <test-case start='1663516857887' status='pending' stop='1663516857887'>
            <name>should add user</name>
            <title>should add user</title>
            <labels/>
            <parameters/>
            <steps/>
            <attachments/>
            <failure>
                <message>Test ignored</message>
                <stack-trace>undefined</stack-trace>
            </failure>
        </test-case>
        <test-case start='1663516857887' status='pending' stop='1663516857887'>
            <name>should verify that user added and appear</name>
            <title>should verify that user added and appear</title>
            <labels/>
            <parameters/>
            <steps/>
            <attachments/>
            <failure>
                <message>Test ignored</message>
                <stack-trace>undefined</stack-trace>
            </failure>
        </test-case>
        <test-case start='1663516857887' status='pending' stop='1663516857887'>
            <name>should delete user</name>
            <title>should delete user</title>
            <labels/>
            <parameters/>
            <steps/>
            <attachments/>
            <failure>
                <message>Test ignored</message>
                <stack-trace>undefined</stack-trace>
            </failure>
        </test-case>
    </test-cases>
</ns2:test-suite>