<?xml version='1.0'?>
<ns2:test-suite xmlns:ns2='urn:model.allure.qatools.yandex.ru' start='1665046543551' stop='1665046584822'>
    <name>User Management page</name>
    <title>User Management page</title>
    <test-cases>
        <test-case start='1665046543551' status='passed' stop='1665046554759'>
            <name>should allow to add user via Add User form</name>
            <title>should allow to add user via Add User form</title>
            <labels>
                <label name='language' value='javascript'/>
                <label name='framework' value='wdio'/>
                <label name='thread' value='0-0'/>
                <label name='language' value='javascript'/>
                <label name='framework' value='wdio'/>
                <label name='thread' value='0-0'/>
            </labels>
            <parameters>
                <parameter kind='argument' name='browser' value='chrome-105.0.5195.125'/>
                <parameter kind='argument' name='browser' value='chrome-105.0.5195.125'/>
            </parameters>
            <steps/>
            <attachments/>
        </test-case>
        <test-case start='1665046554759' status='broken' stop='1665046564776'>
            <name>should allow to search new user</name>
            <title>should allow to search new user</title>
            <labels>
                <label name='language' value='javascript'/>
                <label name='framework' value='wdio'/>
                <label name='thread' value='0-0'/>
            </labels>
            <parameters>
                <parameter kind='argument' name='browser' value='chrome-105.0.5195.125'/>
            </parameters>
            <steps/>
            <attachments/>
            <failure>
                <message>element ("//form/div[1]/div/div[1]/div/div[2]/input") still not displayed after 10000ms</message>
                <stack-trace>Error: element ("//form/div[1]/div/div[1]/div/div[2]/input") still not displayed after 10000ms
                    at async ElementUtil.doClick (/Users/Tiger/Desktop/sft/module-3/ht/HT_Var1/test/util/elementUtil.js:4:8)
                    at async SearchPage.selectSearch (/Users/Tiger/Desktop/sft/module-3/ht/HT_Var1/test/pageobjects/search.page.js:20:9)
                    at async Context.&lt;anonymous> (/Users/Tiger/Desktop/sft/module-3/ht/HT_Var1/test/specs/main.e2e.js:34:9)</stack-trace>
            </failure>
        </test-case>
        <test-case start='1665046564777' status='broken' stop='1665046574799'>
            <name>should allow to reset user</name>
            <title>should allow to reset user</title>
            <labels>
                <label name='language' value='javascript'/>
                <label name='framework' value='wdio'/>
                <label name='thread' value='0-0'/>
            </labels>
            <parameters>
                <parameter kind='argument' name='browser' value='chrome-105.0.5195.125'/>
            </parameters>
            <steps/>
            <attachments/>
            <failure>
                <message>Can't call click on element with selector "//div[2]/form/div[2]/button[1]" because element wasn't found</message>
                <stack-trace>Error: Can't call click on element with selector "//div[2]/form/div[2]/button[1]" because element wasn't found
                    at async Context.&lt;anonymous> (/Users/Tiger/Desktop/sft/module-3/ht/HT_Var1/test/specs/main.e2e.js:40:9)</stack-trace>
            </failure>
        </test-case>
        <test-case start='1665046574799' status='broken' stop='1665046584821'>
            <name>should allow to delete user</name>
            <title>should allow to delete user</title>
            <labels>
                <label name='language' value='javascript'/>
                <label name='framework' value='wdio'/>
                <label name='thread' value='0-0'/>
            </labels>
            <parameters>
                <parameter kind='argument' name='browser' value='chrome-105.0.5195.125'/>
            </parameters>
            <steps/>
            <attachments/>
            <failure>
                <message>element ("//div[text()="Oleksandr.Kryvchenko140"]/ancestor::div[@class="oxd-table-card"]//span") still not displayed after 10000ms</message>
                <stack-trace>Error: element ("//div[text()="Oleksandr.Kryvchenko140"]/ancestor::div[@class="oxd-table-card"]//span") still not displayed after 10000ms
                    at async ElementUtil.doClick (/Users/Tiger/Desktop/sft/module-3/ht/HT_Var1/test/util/elementUtil.js:4:8)
                    at async Context.&lt;anonymous> (/Users/Tiger/Desktop/sft/module-3/ht/HT_Var1/test/specs/main.e2e.js:45:10)</stack-trace>
            </failure>
        </test-case>
    </test-cases>
</ns2:test-suite>