<?xml version='1.0'?>
<ns2:test-suite xmlns:ns2='urn:model.allure.qatools.yandex.ru' start='1663770658220' stop='1663770673339'>
    <name>Login to dashboard and multiple operations with user</name>
    <title>Login to dashboard and multiple operations with user</title>
    <test-cases>
        <test-case start='1663770658221' status='passed' stop='1663770659533'>
            <name>should open login page</name>
            <title>should open login page</title>
            <labels>
                <label name='language' value='javascript'/>
                <label name='framework' value='wdio'/>
                <label name='thread' value='0-0'/>
            </labels>
            <parameters>
                <parameter kind='argument' name='browser' value='chrome-105.0.5195.125'/>
            </parameters>
            <steps/>
            <attachments/>
        </test-case>
        <test-case start='1663770659533' status='passed' stop='1663770659538'>
            <name>verify page title</name>
            <title>verify page title</title>
            <labels>
                <label name='language' value='javascript'/>
                <label name='framework' value='wdio'/>
                <label name='thread' value='0-0'/>
            </labels>
            <parameters>
                <parameter kind='argument' name='browser' value='chrome-105.0.5195.125'/>
            </parameters>
            <steps/>
            <attachments/>
        </test-case>
        <test-case start='1663770659539' status='passed' stop='1663770660192'>
            <name>verify forgot password link and login with valid credentials</name>
            <title>verify forgot password link and login with valid credentials</title>
            <labels>
                <label name='language' value='javascript'/>
                <label name='framework' value='wdio'/>
                <label name='thread' value='0-0'/>
            </labels>
            <parameters>
                <parameter kind='argument' name='browser' value='chrome-105.0.5195.125'/>
            </parameters>
            <steps/>
            <attachments/>
        </test-case>
        <test-case start='1663770660193' status='broken' stop='1663770662774'>
            <name>should navigate to user page</name>
            <title>should navigate to user page</title>
            <labels>
                <label name='language' value='javascript'/>
                <label name='framework' value='wdio'/>
                <label name='thread' value='0-0'/>
            </labels>
            <parameters>
                <parameter kind='argument' name='browser' value='chrome-105.0.5195.125'/>
            </parameters>
            <steps/>
            <attachments>
                <attachment title='Screenshot' source='77a1250d-bc87-4af4-9d1a-014171e8c144-attachment.png' type='image/png' size='267028'/>
            </attachments>
            <failure>
                <message>elementUtil is not defined</message>
                <stack-trace>ReferenceError: elementUtil is not defined
                    at AdminPage.navigateToUserSection (/Users/Tiger/Desktop/SFT/module-3/ht/HT_Var1/test/pageobjects/admin.page.js:18:9)
                    at Context.&lt;anonymous> (/Users/Tiger/Desktop/SFT/module-3/ht/HT_Var1/test/specs/main.e2e.js:28:24)</stack-trace>
            </failure>
        </test-case>
        <test-case start='1663770662775' status='broken' stop='1663770673338'>
            <name>should click add button</name>
            <title>should click add button</title>
            <labels>
                <label name='language' value='javascript'/>
                <label name='framework' value='wdio'/>
                <label name='thread' value='0-0'/>
            </labels>
            <parameters>
                <parameter kind='argument' name='browser' value='chrome-105.0.5195.125'/>
            </parameters>
            <steps/>
            <attachments>
                <attachment title='Screenshot' source='688b5c41-59f8-475b-a92a-d57abfc7bf38-attachment.png' type='image/png' size='280765'/>
            </attachments>
            <failure>
                <message>element ("//div[@class="orangehrm-header-container"]//button[@type="button"]//i") still not displayed after 10000ms</message>
                <stack-trace>Error: element ("//div[@class="orangehrm-header-container"]//button[@type="button"]//i") still not displayed after 10000ms
                    at async ElementUtil.doGetText (/Users/Tiger/Desktop/SFT/module-3/ht/HT_Var1/test/util/elementUtil.js:14:9)
                    at async UserMngPage.getAddBtnText (/Users/Tiger/Desktop/SFT/module-3/ht/HT_Var1/test/pageobjects/user.mng.page.js:40:17)
                    at async Context.&lt;anonymous> (/Users/Tiger/Desktop/SFT/module-3/ht/HT_Var1/test/specs/main.e2e.js:36:31)</stack-trace>
            </failure>
        </test-case>
    </test-cases>
</ns2:test-suite>