<?xml version='1.0'?>
<ns2:test-suite xmlns:ns2='urn:model.allure.qatools.yandex.ru' start='1663774111388' stop='1663774117762'>
    <name>Login to dashboard and multiple operations with user</name>
    <title>Login to dashboard and multiple operations with user</title>
    <test-cases>
        <test-case start='1663774111388' status='passed' stop='1663774112719'>
            <name>should open login page</name>
            <title>should open login page</title>
            <labels>
                <label name='language' value='javascript'/>
                <label name='framework' value='wdio'/>
                <label name='thread' value='0-0'/>
            </labels>
            <parameters>
                <parameter kind='argument' name='browser' value='chrome-105.0.5195.125'/>
            </parameters>
            <steps/>
            <attachments/>
        </test-case>
        <test-case start='1663774112719' status='passed' stop='1663774112725'>
            <name>verify page title</name>
            <title>verify page title</title>
            <labels>
                <label name='language' value='javascript'/>
                <label name='framework' value='wdio'/>
                <label name='thread' value='0-0'/>
            </labels>
            <parameters>
                <parameter kind='argument' name='browser' value='chrome-105.0.5195.125'/>
            </parameters>
            <steps/>
            <attachments/>
        </test-case>
        <test-case start='1663774112726' status='passed' stop='1663774113380'>
            <name>verify forgot password link and login with valid credentials</name>
            <title>verify forgot password link and login with valid credentials</title>
            <labels>
                <label name='language' value='javascript'/>
                <label name='framework' value='wdio'/>
                <label name='thread' value='0-0'/>
            </labels>
            <parameters>
                <parameter kind='argument' name='browser' value='chrome-105.0.5195.125'/>
            </parameters>
            <steps/>
            <attachments/>
        </test-case>
        <test-case start='1663774113381' status='passed' stop='1663774117043'>
            <name>should navigate to user page</name>
            <title>should navigate to user page</title>
            <labels>
                <label name='language' value='javascript'/>
                <label name='framework' value='wdio'/>
                <label name='thread' value='0-0'/>
            </labels>
            <parameters>
                <parameter kind='argument' name='browser' value='chrome-105.0.5195.125'/>
            </parameters>
            <steps/>
            <attachments/>
        </test-case>
        <test-case start='1663774117043' status='failed' stop='1663774117762'>
            <name>should click add button</name>
            <title>should click add button</title>
            <labels>
                <label name='language' value='javascript'/>
                <label name='framework' value='wdio'/>
                <label name='thread' value='0-0'/>
            </labels>
            <parameters>
                <parameter kind='argument' name='browser' value='chrome-105.0.5195.125'/>
            </parameters>
            <steps/>
            <attachments>
                <attachment title='Screenshot' source='64bb23de-724a-4253-a97d-563c1e07ebd0-attachment.png' type='image/png' size='291253'/>
            </attachments>
            <failure>
                <message>role is not selected: expected 'ESS' to equal 'Admin'      
                      actual expected
                      
                      'ESSAdmin'
                      </message>
                <stack-trace>AssertionError: role is not selected: expected 'ESS' to equal 'Admin'
                    at Context.&lt;anonymous> (/Users/Tiger/Desktop/SFT/module-3/ht/HT_Var1/test/specs/main.e2e.js:39:16)
                    at processTicksAndRejections (node:internal/process/task_queues:96:5)</stack-trace>
            </failure>
        </test-case>
    </test-cases>
</ns2:test-suite>