<?xml version='1.0'?>
<ns2:test-suite xmlns:ns2='urn:model.allure.qatools.yandex.ru' start='1663516727540' stop='1663516741662'>
    <name>Login to dashboard and multiple operations with user</name>
    <title>Login to dashboard and multiple operations with user</title>
    <test-cases>
        <test-case start='1663516727540' status='passed' stop='1663516731922'>
            <name>should login with valid credentials</name>
            <title>should login with valid credentials</title>
            <labels>
                <label name='language' value='javascript'/>
                <label name='framework' value='wdio'/>
                <label name='thread' value='0-0'/>
            </labels>
            <parameters>
                <parameter kind='argument' name='browser' value='chrome-105.0.5195.125'/>
            </parameters>
            <steps/>
            <attachments/>
        </test-case>
        <test-case start='1663516731922' status='broken' stop='1663516741661'>
            <name>should add user</name>
            <title>should add user</title>
            <labels>
                <label name='language' value='javascript'/>
                <label name='framework' value='wdio'/>
                <label name='thread' value='0-0'/>
            </labels>
            <parameters>
                <parameter kind='argument' name='browser' value='chrome-105.0.5195.125'/>
            </parameters>
            <steps/>
            <attachments>
                <attachment title='Screenshot' source='1d5c09e4-046a-4e97-9aa9-c844be81bcef-attachment.png' type='image/png' size='290105'/>
            </attachments>
            <failure>
                <message>elem.isDisplayed(...).waitForDisplayed is not a function</message>
                <stack-trace>TypeError: elem.isDisplayed(...).waitForDisplayed is not a function
                    at AdminPage.add (/Users/Tiger/Desktop/SFT/module-3/ht/HT_Var1/test/pageobjects/admin.page.js:66:52)
                    at processTicksAndRejections (node:internal/process/task_queues:96:5)
                    at async Context.&lt;anonymous> (/Users/Tiger/Desktop/SFT/module-3/ht/HT_Var1/test/specs/main.e2e.js:12:9)</stack-trace>
            </failure>
        </test-case>
        <test-case start='1663516741662' status='pending' stop='1663516741662'>
            <name>should verify that user added and appear</name>
            <title>should verify that user added and appear</title>
            <labels/>
            <parameters/>
            <steps/>
            <attachments/>
            <failure>
                <message>Test ignored</message>
                <stack-trace>undefined</stack-trace>
            </failure>
        </test-case>
        <test-case start='1663516741662' status='pending' stop='1663516741662'>
            <name>should delete user</name>
            <title>should delete user</title>
            <labels/>
            <parameters/>
            <steps/>
            <attachments/>
            <failure>
                <message>Test ignored</message>
                <stack-trace>undefined</stack-trace>
            </failure>
        </test-case>
    </test-cases>
</ns2:test-suite>