<?xml version='1.0'?>
<ns2:test-suite xmlns:ns2='urn:model.allure.qatools.yandex.ru' start='1663850735680' stop='1663850763163'>
    <name>Login to dashboard and multiple operations with user</name>
    <title>Login to dashboard and multiple operations with user</title>
    <test-cases>
        <test-case start='1663850735680' status='passed' stop='1663850737716'>
            <name>should open login page</name>
            <title>should open login page</title>
            <labels>
                <label name='language' value='javascript'/>
                <label name='framework' value='wdio'/>
                <label name='thread' value='0-0'/>
            </labels>
            <parameters>
                <parameter kind='argument' name='browser' value='chrome-105.0.5195.125'/>
            </parameters>
            <steps/>
            <attachments/>
        </test-case>
        <test-case start='1663850737716' status='passed' stop='1663850737721'>
            <name>verify page title</name>
            <title>verify page title</title>
            <labels>
                <label name='language' value='javascript'/>
                <label name='framework' value='wdio'/>
                <label name='thread' value='0-0'/>
            </labels>
            <parameters>
                <parameter kind='argument' name='browser' value='chrome-105.0.5195.125'/>
            </parameters>
            <steps/>
            <attachments/>
        </test-case>
        <test-case start='1663850737721' status='passed' stop='1663850740660'>
            <name>verify forgot password link and login with valid credentials</name>
            <title>verify forgot password link and login with valid credentials</title>
            <labels>
                <label name='language' value='javascript'/>
                <label name='framework' value='wdio'/>
                <label name='thread' value='0-0'/>
            </labels>
            <parameters>
                <parameter kind='argument' name='browser' value='chrome-105.0.5195.125'/>
            </parameters>
            <steps/>
            <attachments/>
        </test-case>
        <test-case start='1663850740660' status='passed' stop='1663850742326'>
            <name>should navigate to user page</name>
            <title>should navigate to user page</title>
            <labels>
                <label name='language' value='javascript'/>
                <label name='framework' value='wdio'/>
                <label name='thread' value='0-0'/>
            </labels>
            <parameters>
                <parameter kind='argument' name='browser' value='chrome-105.0.5195.125'/>
            </parameters>
            <steps/>
            <attachments/>
        </test-case>
        <test-case start='1663850742326' status='passed' stop='1663850742929'>
            <name>should select user role and status</name>
            <title>should select user role and status</title>
            <labels>
                <label name='language' value='javascript'/>
                <label name='framework' value='wdio'/>
                <label name='thread' value='0-0'/>
            </labels>
            <parameters>
                <parameter kind='argument' name='browser' value='chrome-105.0.5195.125'/>
            </parameters>
            <steps/>
            <attachments/>
        </test-case>
        <test-case start='1663850742929' status='passed' stop='1663850745167'>
            <name>should select employee and add user name</name>
            <title>should select employee and add user name</title>
            <labels>
                <label name='language' value='javascript'/>
                <label name='framework' value='wdio'/>
                <label name='thread' value='0-0'/>
            </labels>
            <parameters>
                <parameter kind='argument' name='browser' value='chrome-105.0.5195.125'/>
            </parameters>
            <steps/>
            <attachments/>
        </test-case>
        <test-case start='1663850745167' status='passed' stop='1663850745319'>
            <name>should add password and save new user</name>
            <title>should add password and save new user</title>
            <labels>
                <label name='language' value='javascript'/>
                <label name='framework' value='wdio'/>
                <label name='thread' value='0-0'/>
            </labels>
            <parameters>
                <parameter kind='argument' name='browser' value='chrome-105.0.5195.125'/>
            </parameters>
            <steps/>
            <attachments/>
        </test-case>
        <test-case start='1663850745319' status='passed' stop='1663850752664'>
            <name>should save and search a new user</name>
            <title>should save and search a new user</title>
            <labels>
                <label name='language' value='javascript'/>
                <label name='framework' value='wdio'/>
                <label name='thread' value='0-0'/>
            </labels>
            <parameters>
                <parameter kind='argument' name='browser' value='chrome-105.0.5195.125'/>
            </parameters>
            <steps/>
            <attachments/>
        </test-case>
        <test-case start='1663850752664' status='pending' stop='1663850752664'>
            <name>should delete user</name>
            <title>should delete user</title>
            <labels/>
            <parameters/>
            <steps/>
            <attachments/>
            <failure>
                <message>Test ignored</message>
                <stack-trace>undefined</stack-trace>
            </failure>
        </test-case>
        <test-case start='1663850752664' status='failed' stop='1663850763162'>
            <name>count multiple elements</name>
            <title>count multiple elements</title>
            <labels>
                <label name='language' value='javascript'/>
                <label name='framework' value='wdio'/>
                <label name='thread' value='0-0'/>
            </labels>
            <parameters>
                <parameter kind='argument' name='browser' value='chrome-105.0.5195.125'/>
            </parameters>
            <steps/>
            <attachments>
                <attachment title='Screenshot' source='942263d6-321c-47df-bec2-3b69dd776f5c-attachment.png' type='image/png' size='285891'/>
            </attachments>
            <failure>
                <message>Expect $$(`.oxd-table-card div`) to be elements array of size
                
                Expected: 3
                Received: 701</message>
                <stack-trace>Error: Expect $$(`.oxd-table-card div`) to be elements array of size
                
                Expected: 3
                Received: 701
                    at Context.&lt;anonymous> (/Users/Tiger/Desktop/SFT/module-3/ht/HT_Var1/test/specs/main.e2e.js:84:41)
                    at processTicksAndRejections (node:internal/process/task_queues:96:5)</stack-trace>
            </failure>
        </test-case>
    </test-cases>
</ns2:test-suite>