<?xml version='1.0'?>
<ns2:test-suite xmlns:ns2='urn:model.allure.qatools.yandex.ru' start='1665042507663' stop='1665042541684'>
    <name>Login to dashboard and multiple operations with user</name>
    <title>Login to dashboard and multiple operations with user</title>
    <test-cases>
        <test-case start='1665042507663' status='passed' stop='1665042509555'>
            <name>verify page title</name>
            <title>verify page title</title>
            <labels>
                <label name='language' value='javascript'/>
                <label name='framework' value='wdio'/>
                <label name='thread' value='0-0'/>
                <label name='language' value='javascript'/>
                <label name='framework' value='wdio'/>
                <label name='thread' value='0-0'/>
            </labels>
            <parameters>
                <parameter kind='argument' name='browser' value='chrome-105.0.5195.125'/>
                <parameter kind='argument' name='browser' value='chrome-105.0.5195.125'/>
            </parameters>
            <steps/>
            <attachments/>
        </test-case>
        <test-case start='1665042509556' status='broken' stop='1665042509557'>
            <name>verify forgot password link and login with valid credentials</name>
            <title>verify forgot password link and login with valid credentials</title>
            <labels>
                <label name='language' value='javascript'/>
                <label name='framework' value='wdio'/>
                <label name='thread' value='0-0'/>
            </labels>
            <parameters>
                <parameter kind='argument' name='browser' value='chrome-105.0.5195.125'/>
            </parameters>
            <steps/>
            <attachments/>
            <failure>
                <message>LoginPage.forgotPasswordExist is not a function</message>
                <stack-trace>TypeError: LoginPage.forgotPasswordExist is not a function
                    at Context.&lt;anonymous> (/Users/Tiger/Desktop/sft/module-3/ht/HT_Var1/test/specs/main.e2e.js:29:44)</stack-trace>
            </failure>
        </test-case>
        <test-case start='1665042509557' status='broken' stop='1665042519573'>
            <name>should navigate to user page</name>
            <title>should navigate to user page</title>
            <labels>
                <label name='language' value='javascript'/>
                <label name='framework' value='wdio'/>
                <label name='thread' value='0-0'/>
            </labels>
            <parameters>
                <parameter kind='argument' name='browser' value='chrome-105.0.5195.125'/>
            </parameters>
            <steps/>
            <attachments/>
            <failure>
                <message>element ("//a[@href="/web/index.php/admin/viewAdminModule"]") still not displayed after 10000ms</message>
                <stack-trace>Error: element ("//a[@href="/web/index.php/admin/viewAdminModule"]") still not displayed after 10000ms
                    at async ElementUtil.doClick (/Users/Tiger/Desktop/sft/module-3/ht/HT_Var1/test/util/elementUtil.js:4:8)
                    at async AdminPage.navigateToUserSection (/Users/Tiger/Desktop/sft/module-3/ht/HT_Var1/test/pageobjects/admin.page.js:19:9)
                    at async Context.&lt;anonymous> (/Users/Tiger/Desktop/sft/module-3/ht/HT_Var1/test/specs/main.e2e.js:34:8)</stack-trace>
            </failure>
        </test-case>
        <test-case start='1665042519573' status='broken' stop='1665042529599'>
            <name>should select user role and status</name>
            <title>should select user role and status</title>
            <labels>
                <label name='language' value='javascript'/>
                <label name='framework' value='wdio'/>
                <label name='thread' value='0-0'/>
            </labels>
            <parameters>
                <parameter kind='argument' name='browser' value='chrome-105.0.5195.125'/>
            </parameters>
            <steps/>
            <attachments/>
            <failure>
                <message>element ("div.orangehrm-header-container > button") still not displayed after 10000ms</message>
                <stack-trace>Error: element ("div.orangehrm-header-container > button") still not displayed after 10000ms
                    at async ElementUtil.doClick (/Users/Tiger/Desktop/sft/module-3/ht/HT_Var1/test/util/elementUtil.js:4:8)
                    at async UserMngPage.addNewUser (/Users/Tiger/Desktop/sft/module-3/ht/HT_Var1/test/pageobjects/user.mng.page.js:33:9)
                    at async Context.&lt;anonymous> (/Users/Tiger/Desktop/sft/module-3/ht/HT_Var1/test/specs/main.e2e.js:41:9)</stack-trace>
            </failure>
        </test-case>
        <test-case start='1665042529600' status='broken' stop='1665042539622'>
            <name>should select employee and add user name</name>
            <title>should select employee and add user name</title>
            <labels>
                <label name='language' value='javascript'/>
                <label name='framework' value='wdio'/>
                <label name='thread' value='0-0'/>
            </labels>
            <parameters>
                <parameter kind='argument' name='browser' value='chrome-105.0.5195.125'/>
            </parameters>
            <steps/>
            <attachments/>
            <failure>
                <message>Can't call click on element with selector "//input[@placeholder="Type for hints..."]" because element wasn't found</message>
                <stack-trace>Error: Can't call click on element with selector "//input[@placeholder="Type for hints..."]" because element wasn't found
                    at async UserMngPage.selectEmployee (/Users/Tiger/Desktop/sft/module-3/ht/HT_Var1/test/pageobjects/user.mng.page.js:44:9)
                    at async Context.&lt;anonymous> (/Users/Tiger/Desktop/sft/module-3/ht/HT_Var1/test/specs/main.e2e.js:53:9)</stack-trace>
            </failure>
        </test-case>
        <test-case start='1665042539622' status='broken' stop='1665042539646'>
            <name>should add password and save new user</name>
            <title>should add password and save new user</title>
            <labels>
                <label name='language' value='javascript'/>
                <label name='framework' value='wdio'/>
                <label name='thread' value='0-0'/>
            </labels>
            <parameters>
                <parameter kind='argument' name='browser' value='chrome-105.0.5195.125'/>
            </parameters>
            <steps/>
            <attachments/>
            <failure>
                <message>no such window: window was already closed
                  (Session info: chrome=105.0.5195.125)</message>
                <stack-trace>no such window: no such window: window was already closed
                  (Session info: chrome=105.0.5195.125)
                    at processTicksAndRejections (node:internal/process/task_queues:96:5)
                    at async ElementUtil.doSetValue (/Users/Tiger/Desktop/sft/module-3/ht/HT_Var1/test/util/elementUtil.js:9:8)
                    at async UserMngPage.addUserPassword (/Users/Tiger/Desktop/sft/module-3/ht/HT_Var1/test/pageobjects/user.mng.page.js:54:8)
                    at async Context.&lt;anonymous> (/Users/Tiger/Desktop/sft/module-3/ht/HT_Var1/test/specs/main.e2e.js:60:9)</stack-trace>
            </failure>
        </test-case>
        <test-case start='1665042539646' status='broken' stop='1665042541669'>
            <name>should save and search a new user</name>
            <title>should save and search a new user</title>
            <labels>
                <label name='language' value='javascript'/>
                <label name='framework' value='wdio'/>
                <label name='thread' value='0-0'/>
            </labels>
            <parameters>
                <parameter kind='argument' name='browser' value='chrome-105.0.5195.125'/>
            </parameters>
            <steps/>
            <attachments/>
            <failure>
                <message>no such window: window was already closed
                  (Session info: chrome=105.0.5195.125)</message>
                <stack-trace>no such window: no such window: window was already closed
                  (Session info: chrome=105.0.5195.125)
                    at processTicksAndRejections (node:internal/process/task_queues:96:5)
                    at async UserMngPage.saveUserbtn (/Users/Tiger/Desktop/sft/module-3/ht/HT_Var1/test/pageobjects/user.mng.page.js:59:16)
                    at async Context.&lt;anonymous> (/Users/Tiger/Desktop/sft/module-3/ht/HT_Var1/test/specs/main.e2e.js:68:9)</stack-trace>
            </failure>
        </test-case>
        <test-case start='1665042541669' status='broken' stop='1665042541684'>
            <name>should delete user</name>
            <title>should delete user</title>
            <labels>
                <label name='language' value='javascript'/>
                <label name='framework' value='wdio'/>
                <label name='thread' value='0-0'/>
            </labels>
            <parameters>
                <parameter kind='argument' name='browser' value='chrome-105.0.5195.125'/>
            </parameters>
            <steps/>
            <attachments/>
            <failure>
                <message>no such window: window was already closed
                  (Session info: chrome=105.0.5195.125)</message>
                <stack-trace>no such window: no such window: window was already closed
                  (Session info: chrome=105.0.5195.125)
                    at processTicksAndRejections (node:internal/process/task_queues:96:5)
                    at async ElementUtil.doClick (/Users/Tiger/Desktop/sft/module-3/ht/HT_Var1/test/util/elementUtil.js:4:8)
                    at async Context.&lt;anonymous> (/Users/Tiger/Desktop/sft/module-3/ht/HT_Var1/test/specs/main.e2e.js:78:10)</stack-trace>
            </failure>
        </test-case>
    </test-cases>
</ns2:test-suite>