<?xml version='1.0'?>
<ns2:test-suite xmlns:ns2='urn:model.allure.qatools.yandex.ru' start='1663598077993' stop='1663598109425'>
    <name>Login to dashboard and multiple operations with user</name>
    <title>Login to dashboard and multiple operations with user</title>
    <test-cases>
        <test-case start='1663598077993' status='passed' stop='1663598082501'>
            <name>should login with valid credentials</name>
            <title>should login with valid credentials</title>
            <labels>
                <label name='language' value='javascript'/>
                <label name='framework' value='wdio'/>
                <label name='thread' value='0-0'/>
            </labels>
            <parameters>
                <parameter kind='argument' name='browser' value='chrome-105.0.5195.125'/>
            </parameters>
            <steps/>
            <attachments/>
        </test-case>
        <test-case start='1663598082502' status='passed' stop='1663598089014'>
            <name>should add user</name>
            <title>should add user</title>
            <labels>
                <label name='language' value='javascript'/>
                <label name='framework' value='wdio'/>
                <label name='thread' value='0-0'/>
            </labels>
            <parameters>
                <parameter kind='argument' name='browser' value='chrome-105.0.5195.125'/>
            </parameters>
            <steps/>
            <attachments/>
        </test-case>
        <test-case start='1663598089014' status='broken' stop='1663598099226'>
            <name>should verify that user added and appear</name>
            <title>should verify that user added and appear</title>
            <labels>
                <label name='language' value='javascript'/>
                <label name='framework' value='wdio'/>
                <label name='thread' value='0-0'/>
            </labels>
            <parameters>
                <parameter kind='argument' name='browser' value='chrome-105.0.5195.125'/>
            </parameters>
            <steps/>
            <attachments>
                <attachment title='Screenshot' source='b39d62cd-b6b6-44e9-a3ee-4c4ef2506903-attachment.png' type='image/png' size='299744'/>
            </attachments>
            <failure>
                <message>Can't call addValue on element with selector "//form/div[1]/div/div[1]/div/div[2]/input" because element wasn't found</message>
                <stack-trace>Error: Can't call addValue on element with selector "//form/div[1]/div/div[1]/div/div[2]/input" because element wasn't found
                    at async AdminPage.verify (/Users/Tiger/Desktop/SFT/module-3/ht/HT_Var1/test/pageobjects/admin.page.js:82:7)
                    at async Context.&lt;anonymous> (/Users/Tiger/Desktop/SFT/module-3/ht/HT_Var1/test/specs/main.e2e.js:16:9)</stack-trace>
            </failure>
        </test-case>
        <test-case start='1663598099226' status='broken' stop='1663598109424'>
            <name>should delete user</name>
            <title>should delete user</title>
            <labels>
                <label name='language' value='javascript'/>
                <label name='framework' value='wdio'/>
                <label name='thread' value='0-0'/>
            </labels>
            <parameters>
                <parameter kind='argument' name='browser' value='chrome-105.0.5195.125'/>
            </parameters>
            <steps/>
            <attachments>
                <attachment title='Screenshot' source='cdd8faeb-458d-4558-b4b3-27043a4ba087-attachment.png' type='image/png' size='299744'/>
            </attachments>
            <failure>
                <message>Can't call click on element with selector "//div[text()="Alicante1234"]/ancestor::div[@class="oxd-table-card"]//span" because element wasn't found</message>
                <stack-trace>Error: Can't call click on element with selector "//div[text()="Alicante1234"]/ancestor::div[@class="oxd-table-card"]//span" because element wasn't found
                    at async AdminPage.delete (/Users/Tiger/Desktop/SFT/module-3/ht/HT_Var1/test/pageobjects/admin.page.js:102:6)
                    at async Context.&lt;anonymous> (/Users/Tiger/Desktop/SFT/module-3/ht/HT_Var1/test/specs/main.e2e.js:21:9)</stack-trace>
            </failure>
        </test-case>
    </test-cases>
</ns2:test-suite>