<?xml version='1.0'?>
<ns2:test-suite xmlns:ns2='urn:model.allure.qatools.yandex.ru' start='1663493994629' stop='1663494025083'>
    <name>Multiple operations with users</name>
    <title>Multiple operations with users</title>
    <test-cases>
        <test-case start='1663493994629' status='broken' stop='1663494004795'>
            <name>should add user</name>
            <title>should add user</title>
            <labels>
                <label name='language' value='javascript'/>
                <label name='framework' value='wdio'/>
                <label name='thread' value='0-1'/>
            </labels>
            <parameters>
                <parameter kind='argument' name='browser' value='chrome-105.0.5195.125'/>
            </parameters>
            <steps/>
            <attachments>
                <attachment title='Screenshot' source='864da459-2f51-45da-9728-09670332250f-attachment.png' type='image/png' size='15415'/>
            </attachments>
            <failure>
                <message>Can't call click on element with selector "//a[@href="/web/index.php/admin/viewAdminModule"]" because element wasn't found</message>
                <stack-trace>Error: Can't call click on element with selector "//a[@href="/web/index.php/admin/viewAdminModule"]" because element wasn't found
                    at async AdminPage.add (/Users/Tiger/Desktop/SFT/module-3/ht/HT_Var1/test/pageobjects/admin.page.js:40:9)
                    at async Context.&lt;anonymous> (/Users/Tiger/Desktop/SFT/module-3/ht/HT_Var1/test/specs/main.e2e.js:7:9)</stack-trace>
            </failure>
        </test-case>
        <test-case start='1663494004796' status='broken' stop='1663494014943'>
            <name>should verify that user added and appear</name>
            <title>should verify that user added and appear</title>
            <labels>
                <label name='language' value='javascript'/>
                <label name='framework' value='wdio'/>
                <label name='thread' value='0-1'/>
            </labels>
            <parameters>
                <parameter kind='argument' name='browser' value='chrome-105.0.5195.125'/>
            </parameters>
            <steps/>
            <attachments>
                <attachment title='Screenshot' source='9d4e868f-2d12-4833-96e3-d39e3a49443d-attachment.png' type='image/png' size='15415'/>
            </attachments>
            <failure>
                <message>Can't call addValue on element with selector "//form/div[1]/div/div[1]/div/div[2]/input" because element wasn't found</message>
                <stack-trace>Error: Can't call addValue on element with selector "//form/div[1]/div/div[1]/div/div[2]/input" because element wasn't found
                    at async AdminPage.verify (/Users/Tiger/Desktop/SFT/module-3/ht/HT_Var1/test/pageobjects/admin.page.js:78:7)
                    at async Context.&lt;anonymous> (/Users/Tiger/Desktop/SFT/module-3/ht/HT_Var1/test/specs/main.e2e.js:11:9)</stack-trace>
            </failure>
        </test-case>
        <test-case start='1663494014944' status='broken' stop='1663494025083'>
            <name>should delete user</name>
            <title>should delete user</title>
            <labels>
                <label name='language' value='javascript'/>
                <label name='framework' value='wdio'/>
                <label name='thread' value='0-1'/>
            </labels>
            <parameters>
                <parameter kind='argument' name='browser' value='chrome-105.0.5195.125'/>
            </parameters>
            <steps/>
            <attachments>
                <attachment title='Screenshot' source='7d18fcad-c302-42bd-95c2-3d84041226d1-attachment.png' type='image/png' size='15415'/>
            </attachments>
            <failure>
                <message>Can't call click on element with selector "//div[text()="Brian"]/ancestor::div[@class="oxd-table-card"]//span" because element wasn't found</message>
                <stack-trace>Error: Can't call click on element with selector "//div[text()="Brian"]/ancestor::div[@class="oxd-table-card"]//span" because element wasn't found
                    at async AdminPage.delete (/Users/Tiger/Desktop/SFT/module-3/ht/HT_Var1/test/pageobjects/admin.page.js:98:6)
                    at async Context.&lt;anonymous> (/Users/Tiger/Desktop/SFT/module-3/ht/HT_Var1/test/specs/main.e2e.js:15:9)</stack-trace>
            </failure>
        </test-case>
    </test-cases>
</ns2:test-suite>